<?xml version="1.0" encoding="UTF-8"?>
<testng-results ignored="0" total="1" passed="1" failed="0" skipped="0">
  <reporter-output>
  </reporter-output>
  <suite started-at="2024-05-09T16:50:54 CEST" name="Command line suite" finished-at="2024-05-09T16:50:54 CEST" duration-ms="43">
    <groups>
    </groups>
    <test started-at="2024-05-09T16:50:54 CEST" name="Command line test" finished-at="2024-05-09T16:50:54 CEST" duration-ms="43">
      <class name="employees.CalculatorTest">
        <test-method signature="add()[pri:0, instance:employees.CalculatorTest@13a5fe33]" started-at="2024-05-09T16:50:54 CEST" name="add" finished-at="2024-05-09T16:50:54 CEST" duration-ms="5" status="PASS">
          <reporter-output>
          </reporter-output>
        </test-method> <!-- add -->
      </class> <!-- employees.CalculatorTest -->
    </test> <!-- Command line test -->
  </suite> <!-- Command line suite -->
</testng-results>
